<?xml version="1.0" encoding="UTF-8"?>
<testsuite xmlns:xsi="http://www.w3.org/2001/XMLSchema-instance" xsi:noNamespaceSchemaLocation="https://maven.apache.org/surefire/maven-surefire-plugin/xsd/surefire-test-report.xsd" name="com.networkscan.cis18.AppTest" time="0.013" tests="1" errors="0" skipped="0" failures="0">
  <properties>
    <property name="java.specification.version" value="21"/>
    <property name="sun.jnu.encoding" value="UTF-8"/>
    <property name="java.class.path" value="/home/flabbydino/Desktop/fall 2023/CIS-18_NetworkScan/target/test-classes:/home/flabbydino/Desktop/fall 2023/CIS-18_NetworkScan/target/classes:/home/flabbydino/.m2/repository/junit/junit/4.11/junit-4.11.jar:/home/flabbydino/.m2/repository/org/hamcrest/hamcrest-core/1.3/hamcrest-core-1.3.jar:/home/flabbydino/.m2/repository/commons-net/commons-net/3.9.0/commons-net-3.9.0.jar:/home/flabbydino/.m2/repository/org/pcap4j/pcap4j-packetfactory-static/1.8.2/pcap4j-packetfactory-static-1.8.2.jar:/home/flabbydino/.m2/repository/org/pcap4j/pcap4j-core/1.8.2/pcap4j-core-1.8.2.jar:/home/flabbydino/.m2/repository/net/java/dev/jna/jna/5.3.1/jna-5.3.1.jar:/home/flabbydino/.m2/repository/org/slf4j/slf4j-api/1.7.36/slf4j-api-1.7.36.jar:"/>
    <property name="java.vm.vendor" value="Oracle Corporation"/>
    <property name="sun.arch.data.model" value="64"/>
    <property name="java.vendor.url" value="https://java.oracle.com/"/>
    <property name="os.name" value="Linux"/>
    <property name="java.vm.specification.version" value="21"/>
    <property name="sun.java.launcher" value="SUN_STANDARD"/>
    <property name="user.country" value="US"/>
    <property name="sun.boot.library.path" value="/usr/lib/jvm/java-21-jdk/lib"/>
    <property name="sun.java.command" value="/home/flabbydino/Desktop/fall 2023/CIS-18_NetworkScan/target/surefire/surefirebooter4019498055668680619.jar /home/flabbydino/Desktop/fall 2023/CIS-18_NetworkScan/target/surefire 2023-10-10T20-30-44_698-jvmRun1 surefire6179562874851530878tmp surefire_017706764528223606640tmp"/>
    <property name="jdk.debug" value="release"/>
    <property name="surefire.test.class.path" value="/home/flabbydino/Desktop/fall 2023/CIS-18_NetworkScan/target/test-classes:/home/flabbydino/Desktop/fall 2023/CIS-18_NetworkScan/target/classes:/home/flabbydino/.m2/repository/junit/junit/4.11/junit-4.11.jar:/home/flabbydino/.m2/repository/org/hamcrest/hamcrest-core/1.3/hamcrest-core-1.3.jar:/home/flabbydino/.m2/repository/commons-net/commons-net/3.9.0/commons-net-3.9.0.jar:/home/flabbydino/.m2/repository/org/pcap4j/pcap4j-packetfactory-static/1.8.2/pcap4j-packetfactory-static-1.8.2.jar:/home/flabbydino/.m2/repository/org/pcap4j/pcap4j-core/1.8.2/pcap4j-core-1.8.2.jar:/home/flabbydino/.m2/repository/net/java/dev/jna/jna/5.3.1/jna-5.3.1.jar:/home/flabbydino/.m2/repository/org/slf4j/slf4j-api/1.7.36/slf4j-api-1.7.36.jar:"/>
    <property name="sun.cpu.endian" value="little"/>
    <property name="user.home" value="/home/flabbydino"/>
    <property name="user.language" value="en"/>
    <property name="java.specification.vendor" value="Oracle Corporation"/>
    <property name="java.version.date" value="2023-09-19"/>
    <property name="java.home" value="/usr/lib/jvm/java-21-jdk"/>
    <property name="file.separator" value="/"/>
    <property name="basedir" value="/home/flabbydino/Desktop/fall 2023/CIS-18_NetworkScan"/>
    <property name="java.vm.compressedOopsMode" value="Zero based"/>
    <property name="line.separator" value="&#10;"/>
    <property name="java.specification.name" value="Java Platform API Specification"/>
    <property name="java.vm.specification.vendor" value="Oracle Corporation"/>
    <property name="surefire.real.class.path" value="/home/flabbydino/Desktop/fall 2023/CIS-18_NetworkScan/target/surefire/surefirebooter4019498055668680619.jar"/>
    <property name="sun.management.compiler" value="HotSpot 64-Bit Tiered Compilers"/>
    <property name="java.runtime.version" value="21+35-LTS-2513"/>
    <property name="user.name" value="flabbydino"/>
    <property name="stdout.encoding" value="UTF-8"/>
    <property name="path.separator" value=":"/>
    <property name="os.version" value="6.5.5-arch1-1"/>
    <property name="java.runtime.name" value="Java(TM) SE Runtime Environment"/>
    <property name="file.encoding" value="UTF-8"/>
    <property name="java.vm.name" value="Java HotSpot(TM) 64-Bit Server VM"/>
    <property name="localRepository" value="/home/flabbydino/.m2/repository"/>
    <property name="java.vendor.url.bug" value="https://bugreport.java.com/bugreport/"/>
    <property name="java.io.tmpdir" value="/tmp"/>
    <property name="java.version" value="21"/>
    <property name="user.dir" value="/home/flabbydino/Desktop/fall 2023/CIS-18_NetworkScan"/>
    <property name="os.arch" value="amd64"/>
    <property name="java.vm.specification.name" value="Java Virtual Machine Specification"/>
    <property name="native.encoding" value="UTF-8"/>
    <property name="java.library.path" value="/usr/java/packages/lib:/usr/lib64:/lib64:/lib:/usr/lib"/>
    <property name="java.vm.info" value="mixed mode, sharing"/>
    <property name="stderr.encoding" value="UTF-8"/>
    <property name="java.vendor" value="Oracle Corporation"/>
    <property name="java.vm.version" value="21+35-LTS-2513"/>
    <property name="sun.io.unicode.encoding" value="UnicodeLittle"/>
    <property name="java.class.version" value="65.0"/>
  </properties>
  <testcase name="shouldAnswerWithTrue" classname="com.networkscan.cis18.AppTest" time="0.002"/>
</testsuite>